# JRE version: Java(TM) SE Runtime Environment (21.0.10+8) (build 21.0.10+8-LTS-217)
# Java VM: Java HotSpot(TM) 64-Bit Server VM (21.0.10+8-LTS-217, mixed mode, sharing, tiered, compressed oops, compressed class ptrs, g1 gc, windows-amd64)
GC Precious Log:
 CardTable entry size: 512
 Card Set container configuration: InlinePtr #cards 4 size 8 Array Of Cards #cards 16 size 48 Howl #buckets 8 coarsen threshold 3686 Howl Bitmap #cards 512 size 80 coarsen threshold 460 Card regions per heap region 1 cards per card region 4096
 CPUs: 4 total, 4 available
 Memory: 12067M
 Large Page Support: Disabled
 NUMA Support: Disabled
 Compressed Oops: Enabled (Zero based)
 Heap Region Size: 2M
 Heap Min Capacity: 8M
 Heap Initial Capacity: 190M
 Heap Max Capacity: 3018M
 Pre-touch: Disabled
 Parallel Workers: 4
 Concurrent Workers: 1
 Concurrent Refinement Workers: 4
 Periodic GC: Disabled
Heap:
 garbage-first heap   total 67584K, used 33000K [0x0000000743600000, 0x0000000800000000)
  region size 2048K, 4 young (8192K), 2 survivors (4096K)
 Metaspace       used 75036K, committed 75712K, reserved 1179648K
  class space    used 10105K, committed 10432K, reserved 1048576K
GC Heap History (20 events):
Event: 6.123 GC heap before
{Heap before GC invocations=7 (full 0):
 garbage-first heap   total 55296K, used 42723K [0x0000000743600000, 0x0000000800000000)
  region size 2048K, 15 young (30720K), 2 survivors (4096K)
 Metaspace       used 33532K, committed 34048K, reserved 1114112K
  class space    used 4284K, committed 4544K, reserved 1048576K
}
Event: 6.132 GC heap after
{Heap after GC invocations=8 (full 0):
 garbage-first heap   total 55296K, used 18755K [0x0000000743600000, 0x0000000800000000)
  region size 2048K, 2 young (4096K), 2 survivors (4096K)
 Metaspace       used 33532K, committed 34048K, reserved 1114112K
  class space    used 4284K, committed 4544K, reserved 1048576K
}
Event: 6.429 GC heap before
{Heap before GC invocations=8 (full 0):
 garbage-first heap   total 55296K, used 26947K [0x0000000743600000, 0x0000000800000000)
  region size 2048K, 8 young (16384K), 2 survivors (4096K)
 Metaspace       used 35415K, committed 35968K, reserved 1114112K
  class space    used 4461K, committed 4736K, reserved 1048576K
}
Event: 6.435 GC heap after
{Heap after GC invocations=9 (full 0):
 garbage-first heap   total 55296K, used 20169K [0x0000000743600000, 0x0000000800000000)
  region size 2048K, 1 young (2048K), 1 survivors (2048K)
 Metaspace       used 35415K, committed 35968K, reserved 1114112K
  class space    used 4461K, committed 4736K, reserved 1048576K
}
Event: 7.416 GC heap before
{Heap before GC invocations=10 (full 0):
 garbage-first heap   total 55296K, used 42697K [0x0000000743600000, 0x0000000800000000)
  region size 2048K, 13 young (26624K), 1 survivors (2048K)
 Metaspace       used 41485K, committed 42112K, reserved 1114112K
  class space    used 5352K, committed 5632K, reserved 1048576K
}
Event: 7.420 GC heap after
{Heap after GC invocations=11 (full 0):
 garbage-first heap   total 55296K, used 21743K [0x0000000743600000, 0x0000000800000000)
  region size 2048K, 2 young (4096K), 2 survivors (4096K)
 Metaspace       used 41485K, committed 42112K, reserved 1114112K
  class space    used 5352K, committed 5632K, reserved 1048576K
}
Event: 8.190 GC heap before
{Heap before GC invocations=11 (full 0):
 garbage-first heap   total 55296K, used 44271K [0x0000000743600000, 0x0000000800000000)
  region size 2048K, 13 young (26624K), 2 survivors (4096K)
 Metaspace       used 47024K, committed 47616K, reserved 1114112K
  class space    used 6283K, committed 6528K, reserved 1048576K
}
Event: 8.197 GC heap after
{Heap after GC invocations=12 (full 0):
 garbage-first heap   total 55296K, used 22986K [0x0000000743600000, 0x0000000800000000)
  region size 2048K, 2 young (4096K), 2 survivors (4096K)
 Metaspace       used 47024K, committed 47616K, reserved 1114112K
  class space    used 6283K, committed 6528K, reserved 1048576K
}
Event: 9.237 GC heap before
{Heap before GC invocations=12 (full 0):
 garbage-first heap   total 55296K, used 43466K [0x0000000743600000, 0x0000000800000000)
  region size 2048K, 13 young (26624K), 2 survivors (4096K)
 Metaspace       used 53792K, committed 54400K, reserved 1114112K
  class space    used 7067K, committed 7360K, reserved 1048576K
}
Event: 9.244 GC heap after
{Heap after GC invocations=13 (full 0):
 garbage-first heap   total 55296K, used 24767K [0x0000000743600000, 0x0000000800000000)
  region size 2048K, 2 young (4096K), 2 survivors (4096K)
 Metaspace       used 53792K, committed 54400K, reserved 1114112K
  class space    used 7067K, committed 7360K, reserved 1048576K
}
Event: 9.758 GC heap before
{Heap before GC invocations=13 (full 0):
 garbage-first heap   total 55296K, used 43199K [0x0000000743600000, 0x0000000800000000)
  region size 2048K, 12 young (24576K), 2 survivors (4096K)
 Metaspace       used 58418K, committed 59072K, reserved 1114112K
  class space    used 7697K, committed 8000K, reserved 1048576K
}
Event: 9.763 GC heap after
{Heap after GC invocations=14 (full 0):
 garbage-first heap   total 55296K, used 25777K [0x0000000743600000, 0x0000000800000000)
  region size 2048K, 2 young (4096K), 2 survivors (4096K)
 Metaspace       used 58418K, committed 59072K, reserved 1114112K
  class space    used 7697K, committed 8000K, reserved 1048576K
}
Event: 9.817 GC heap before
{Heap before GC invocations=14 (full 0):
 garbage-first heap   total 55296K, used 27825K [0x0000000743600000, 0x0000000800000000)
  region size 2048K, 4 young (8192K), 2 survivors (4096K)
 Metaspace       used 59467K, committed 60096K, reserved 1114112K
  class space    used 7786K, committed 8064K, reserved 1048576K
}
Event: 9.820 GC heap after
{Heap after GC invocations=15 (full 0):
 garbage-first heap   total 55296K, used 26075K [0x0000000743600000, 0x0000000800000000)
  region size 2048K, 1 young (2048K), 1 survivors (2048K)
 Metaspace       used 59467K, committed 60096K, reserved 1114112K
  class space    used 7786K, committed 8064K, reserved 1048576K
}
Event: 10.362 GC heap before
{Heap before GC invocations=16 (full 0):
 garbage-first heap   total 55296K, used 46555K [0x0000000743600000, 0x0000000800000000)
  region size 2048K, 11 young (22528K), 1 survivors (2048K)
 Metaspace       used 64852K, committed 65536K, reserved 1114112K
  class space    used 8784K, committed 9088K, reserved 1048576K
}
Event: 10.364 GC heap after
{Heap after GC invocations=17 (full 0):
 garbage-first heap   total 55296K, used 26586K [0x0000000743600000, 0x0000000800000000)
  region size 2048K, 1 young (2048K), 1 survivors (2048K)
 Metaspace       used 64852K, committed 65536K, reserved 1114112K
  class space    used 8784K, committed 9088K, reserved 1048576K
}
Event: 11.038 GC heap before
{Heap before GC invocations=17 (full 0):
 garbage-first heap   total 55296K, used 45018K [0x0000000743600000, 0x0000000800000000)
  region size 2048K, 11 young (22528K), 1 survivors (2048K)
 Metaspace       used 70300K, committed 71104K, reserved 1114112K
  class space    used 9507K, committed 9856K, reserved 1048576K
}
Event: 11.047 GC heap after
{Heap after GC invocations=18 (full 0):
 garbage-first heap   total 55296K, used 28765K [0x0000000743600000, 0x0000000800000000)
  region size 2048K, 2 young (4096K), 2 survivors (4096K)
 Metaspace       used 70300K, committed 71104K, reserved 1114112K
  class space    used 9507K, committed 9856K, reserved 1048576K
}
Event: 11.734 GC heap before
{Heap before GC invocations=19 (full 0):
 garbage-first heap   total 55296K, used 45149K [0x0000000743600000, 0x0000000800000000)
  region size 2048K, 10 young (20480K), 2 survivors (4096K)
 Metaspace       used 73820K, committed 74560K, reserved 1114112K
  class space    used 9984K, committed 10368K, reserved 1048576K
}
Event: 11.741 GC heap after
{Heap after GC invocations=20 (full 0):
 garbage-first heap   total 67584K, used 30952K [0x0000000743600000, 0x0000000800000000)
  region size 2048K, 2 young (4096K), 2 survivors (4096K)
 Metaspace       used 73820K, committed 74560K, reserved 1114112K
  class space    used 9984K, committed 10368K, reserved 1048576K
}

