# JRE version: OpenJDK Runtime Environment (26.0.1+8) (build 26.0.1+8-34)
# Java VM: OpenJDK 64-Bit Server VM (26.0.1+8-34, mixed mode, sharing, tiered, compressed oops, compressed class ptrs, g1 gc, windows-amd64)
GC Precious Log:
 CardTable entry size: 512
 Card Set container configuration: InlinePtr #cards 4 size 8 Array Of Cards #cards 16 size 48 Howl #buckets 8 coarsen threshold 3686 Howl Bitmap #cards 512 size 80 coarsen threshold 460 Card regions per heap region 1 cards per card region 4096
 CPUs: 4 total, 4 available
 Memory: 12067M
 Large Page Support: Disabled
 NUMA Support: Disabled
 Compressed Oops: Enabled (Zero based)
 Heap Region Size: 2M
 Heap Min Capacity: 8M
 Heap Initial Capacity: 8M
 Heap Max Capacity: 3018M
 Pre-touch: Disabled
 Parallel Workers: 4
 Concurrent Workers: 1
 Concurrent Refinement Workers: 4
 Periodic GC: Disabled
Heap:
 garbage-first heap   total reserved 3090432K, committed 98304K, used 35044K [0x0000000743600000, 0x0000000800000000)
  region size 2M, 9 eden (18M), 1 survivor (2M), 9 old (18M), 0 humongous (0M), 29 free (58M)
GC Heap Usage History (20 events):
Event: 4.222 {heap Before GC invocations=15 (full 0):
 garbage-first heap   total reserved 3090432K, committed 24576K, used 18408K [0x0000000743600000, 0x0000000800000000)
  region size 2M, 3 eden (6M), 1 survivor (2M), 6 old (12M), 0 humongous (0M), 2 free (4M)
}
Event: 4.227 {heap After GC invocations=16 (full 0):
 garbage-first heap   total reserved 3090432K, committed 32768K, used 13123K [0x0000000743600000, 0x0000000800000000)
  region size 2M, 0 eden (0M), 1 survivor (2M), 7 old (14M), 0 humongous (0M), 8 free (16M)
}
Event: 4.583 {heap Before GC invocations=17 (full 0):
 garbage-first heap   total reserved 3090432K, committed 32768K, used 23363K [0x0000000743600000, 0x0000000800000000)
  region size 2M, 5 eden (10M), 1 survivor (2M), 7 old (14M), 0 humongous (0M), 3 free (6M)
}
Event: 4.588 {heap After GC invocations=18 (full 0):
 garbage-first heap   total reserved 3090432K, committed 32768K, used 14457K [0x0000000743600000, 0x0000000800000000)
  region size 2M, 0 eden (0M), 1 survivor (2M), 7 old (14M), 0 humongous (0M), 8 free (16M)
}
Event: 4.828 {heap Before GC invocations=18 (full 0):
 garbage-first heap   total reserved 3090432K, committed 32768K, used 22649K [0x0000000743600000, 0x0000000800000000)
  region size 2M, 5 eden (10M), 1 survivor (2M), 7 old (14M), 0 humongous (0M), 3 free (6M)
}
Event: 4.840 {heap After GC invocations=19 (full 0):
 garbage-first heap   total reserved 3090432K, committed 32768K, used 15219K [0x0000000743600000, 0x0000000800000000)
  region size 2M, 0 eden (0M), 1 survivor (2M), 8 old (16M), 0 humongous (0M), 7 free (14M)
}
Event: 5.209 {heap Before GC invocations=19 (full 0):
 garbage-first heap   total reserved 3090432K, committed 32768K, used 23411K [0x0000000743600000, 0x0000000800000000)
  region size 2M, 5 eden (10M), 1 survivor (2M), 8 old (16M), 0 humongous (0M), 2 free (4M)
}
Event: 5.211 {heap After GC invocations=20 (full 0):
 garbage-first heap   total reserved 3090432K, committed 32768K, used 15888K [0x0000000743600000, 0x0000000800000000)
  region size 2M, 0 eden (0M), 1 survivor (2M), 8 old (16M), 0 humongous (0M), 7 free (14M)
}
Event: 5.548 {heap Before GC invocations=20 (full 0):
 garbage-first heap   total reserved 3090432K, committed 32768K, used 24080K [0x0000000743600000, 0x0000000800000000)
  region size 2M, 5 eden (10M), 1 survivor (2M), 8 old (16M), 0 humongous (0M), 2 free (4M)
}
Event: 5.551 {heap After GC invocations=21 (full 0):
 garbage-first heap   total reserved 3090432K, committed 32768K, used 16228K [0x0000000743600000, 0x0000000800000000)
  region size 2M, 0 eden (0M), 1 survivor (2M), 8 old (16M), 0 humongous (0M), 7 free (14M)
}
Event: 6.064 {heap Before GC invocations=21 (full 0):
 garbage-first heap   total reserved 3090432K, committed 32768K, used 26468K [0x0000000743600000, 0x0000000800000000)
  region size 2M, 5 eden (10M), 1 survivor (2M), 8 old (16M), 0 humongous (0M), 2 free (4M)
}
Event: 6.066 {heap After GC invocations=22 (full 0):
 garbage-first heap   total reserved 3090432K, committed 32768K, used 16407K [0x0000000743600000, 0x0000000800000000)
  region size 2M, 0 eden (0M), 1 survivor (2M), 8 old (16M), 0 humongous (0M), 7 free (14M)
}
Event: 6.609 {heap Before GC invocations=23 (full 0):
 garbage-first heap   total reserved 3090432K, committed 32768K, used 26647K [0x0000000743600000, 0x0000000800000000)
  region size 2M, 5 eden (10M), 1 survivor (2M), 8 old (16M), 0 humongous (0M), 2 free (4M)
}
Event: 6.613 {heap After GC invocations=24 (full 0):
 garbage-first heap   total reserved 3090432K, committed 32768K, used 16750K [0x0000000743600000, 0x0000000800000000)
  region size 2M, 0 eden (0M), 1 survivor (2M), 8 old (16M), 0 humongous (0M), 7 free (14M)
}
Event: 7.024 {heap Before GC invocations=24 (full 0):
 garbage-first heap   total reserved 3090432K, committed 32768K, used 26990K [0x0000000743600000, 0x0000000800000000)
  region size 2M, 5 eden (10M), 1 survivor (2M), 8 old (16M), 0 humongous (0M), 2 free (4M)
}
Event: 7.035 {heap After GC invocations=25 (full 0):
 garbage-first heap   total reserved 3090432K, committed 32768K, used 17259K [0x0000000743600000, 0x0000000800000000)
  region size 2M, 0 eden (0M), 1 survivor (2M), 8 old (16M), 0 humongous (0M), 7 free (14M)
}
Event: 7.279 {heap Before GC invocations=25 (full 0):
 garbage-first heap   total reserved 3090432K, committed 32768K, used 27499K [0x0000000743600000, 0x0000000800000000)
  region size 2M, 5 eden (10M), 1 survivor (2M), 8 old (16M), 0 humongous (0M), 2 free (4M)
}
Event: 7.284 {heap After GC invocations=26 (full 0):
 garbage-first heap   total reserved 3090432K, committed 32768K, used 18085K [0x0000000743600000, 0x0000000800000000)
  region size 2M, 0 eden (0M), 1 survivor (2M), 8 old (16M), 0 humongous (0M), 7 free (14M)
}
Event: 7.647 {heap Before GC invocations=27 (full 0):
 garbage-first heap   total reserved 3090432K, committed 32768K, used 28325K [0x0000000743600000, 0x0000000800000000)
  region size 2M, 5 eden (10M), 1 survivor (2M), 8 old (16M), 0 humongous (0M), 2 free (4M)
}
Event: 7.651 {heap After GC invocations=28 (full 0):
 garbage-first heap   total reserved 3090432K, committed 98304K, used 18660K [0x0000000743600000, 0x0000000800000000)
  region size 2M, 0 eden (0M), 1 survivor (2M), 9 old (18M), 0 humongous (0M), 38 free (76M)
}

