# JRE version: OpenJDK Runtime Environment (26.0.1+8) (build 26.0.1+8-34)
# Java VM: OpenJDK 64-Bit Server VM (26.0.1+8-34, mixed mode, sharing, tiered, compressed oops, compressed class ptrs, g1 gc, windows-amd64)
GC Precious Log:
 CardTable entry size: 512
 Card Set container configuration: InlinePtr #cards 4 size 8 Array Of Cards #cards 16 size 48 Howl #buckets 8 coarsen threshold 3686 Howl Bitmap #cards 512 size 80 coarsen threshold 460 Card regions per heap region 1 cards per card region 4096
 CPUs: 4 total, 4 available
 Memory: 12067M
 Large Page Support: Disabled
 NUMA Support: Disabled
 Compressed Oops: Enabled (Zero based)
 Heap Region Size: 2M
 Heap Min Capacity: 8M
 Heap Initial Capacity: 8M
 Heap Max Capacity: 3018M
 Pre-touch: Disabled
 Parallel Workers: 4
 Concurrent Workers: 1
 Concurrent Refinement Workers: 4
 Periodic GC: Disabled
Heap:
 garbage-first heap   total reserved 3090432K, committed 116736K, used 86811K [0x0000000743600000, 0x0000000800000000)
  region size 2M, 12 eden (24M), 1 survivor (2M), 29 old (58M), 2 humongous (4M), 13 free (26M)
GC Heap Usage History (20 events):
Event: 2.562 {heap Before GC invocations=11 (full 0):
 garbage-first heap   total reserved 3090432K, committed 40960K, used 29405K [0x0000000743600000, 0x0000000800000000)
  region size 2M, 10 eden (20M), 2 survivor (4M), 3 old (6M), 0 humongous (0M), 5 free (10M)
}
Event: 2.572 {heap After GC invocations=12 (full 0):
 garbage-first heap   total reserved 3090432K, committed 40960K, used 12129K [0x0000000743600000, 0x0000000800000000)
  region size 2M, 0 eden (0M), 2 survivor (4M), 5 old (10M), 0 humongous (0M), 13 free (26M)
}
Event: 2.866 {heap Before GC invocations=12 (full 0):
 garbage-first heap   total reserved 3090432K, committed 40960K, used 32609K [0x0000000743600000, 0x0000000800000000)
  region size 2M, 10 eden (20M), 2 survivor (4M), 5 old (10M), 0 humongous (0M), 3 free (6M)
}
Event: 2.875 {heap After GC invocations=13 (full 0):
 garbage-first heap   total reserved 3090432K, committed 43008K, used 14985K [0x0000000743600000, 0x0000000800000000)
  region size 2M, 0 eden (0M), 2 survivor (4M), 7 old (14M), 0 humongous (0M), 12 free (24M)
}
Event: 3.214 {heap Before GC invocations=13 (full 0):
 garbage-first heap   total reserved 3090432K, committed 43008K, used 33417K [0x0000000743600000, 0x0000000800000000)
  region size 2M, 9 eden (18M), 2 survivor (4M), 7 old (14M), 0 humongous (0M), 3 free (6M)
}
Event: 3.220 {heap After GC invocations=14 (full 0):
 garbage-first heap   total reserved 3090432K, committed 116736K, used 15374K [0x0000000743600000, 0x0000000800000000)
  region size 2M, 0 eden (0M), 1 survivor (2M), 8 old (16M), 0 humongous (0M), 48 free (96M)
}
Event: 4.330 {heap Before GC invocations=14 (full 0):
 garbage-first heap   total reserved 3090432K, committed 116736K, used 82958K [0x0000000743600000, 0x0000000800000000)
  region size 2M, 33 eden (66M), 1 survivor (2M), 8 old (16M), 1 humongous (2M), 14 free (28M)
}
Event: 4.338 {heap After GC invocations=15 (full 0):
 garbage-first heap   total reserved 3090432K, committed 116736K, used 20651K [0x0000000743600000, 0x0000000800000000)
  region size 2M, 0 eden (0M), 2 survivor (4M), 8 old (16M), 1 humongous (2M), 46 free (92M)
}
Event: 4.506 {heap Before GC invocations=15 (full 0):
 garbage-first heap   total reserved 3090432K, committed 116736K, used 32939K [0x0000000743600000, 0x0000000800000000)
  region size 2M, 6 eden (12M), 2 survivor (4M), 8 old (16M), 2 humongous (4M), 39 free (78M)
}
Event: 4.517 {heap After GC invocations=16 (full 0):
 garbage-first heap   total reserved 3090432K, committed 116736K, used 27531K [0x0000000743600000, 0x0000000800000000)
  region size 2M, 0 eden (0M), 5 survivor (10M), 8 old (16M), 2 humongous (4M), 42 free (84M)
}
Event: 5.494 {heap Before GC invocations=17 (full 0):
 garbage-first heap   total reserved 3090432K, committed 116736K, used 86923K [0x0000000743600000, 0x0000000800000000)
  region size 2M, 29 eden (58M), 5 survivor (10M), 8 old (16M), 2 humongous (4M), 13 free (26M)
}
Event: 5.523 {heap After GC invocations=18 (full 0):
 garbage-first heap   total reserved 3090432K, committed 116736K, used 39703K [0x0000000743600000, 0x0000000800000000)
  region size 2M, 0 eden (0M), 5 survivor (10M), 14 old (28M), 1 humongous (2M), 37 free (74M)
}
Event: 7.125 {heap Before GC invocations=18 (full 0):
 garbage-first heap   total reserved 3090432K, committed 116736K, used 92951K [0x0000000743600000, 0x0000000800000000)
  region size 2M, 26 eden (52M), 5 survivor (10M), 14 old (28M), 1 humongous (2M), 11 free (22M)
}
Event: 7.143 {heap After GC invocations=19 (full 0):
 garbage-first heap   total reserved 3090432K, committed 116736K, used 41818K [0x0000000743600000, 0x0000000800000000)
  region size 2M, 0 eden (0M), 1 survivor (2M), 19 old (38M), 1 humongous (2M), 36 free (72M)
}
Event: 8.642 {heap Before GC invocations=19 (full 0):
 garbage-first heap   total reserved 3090432K, committed 116736K, used 97114K [0x0000000743600000, 0x0000000800000000)
  region size 2M, 27 eden (54M), 1 survivor (2M), 19 old (38M), 2 humongous (4M), 8 free (16M)
}
Event: 8.659 {heap After GC invocations=20 (full 0):
 garbage-first heap   total reserved 3090432K, committed 116736K, used 55455K [0x0000000743600000, 0x0000000800000000)
  region size 2M, 0 eden (0M), 4 survivor (8M), 22 old (44M), 2 humongous (4M), 29 free (58M)
}
Event: 9.512 {heap Before GC invocations=20 (full 0):
 garbage-first heap   total reserved 3090432K, committed 116736K, used 92319K [0x0000000743600000, 0x0000000800000000)
  region size 2M, 19 eden (38M), 4 survivor (8M), 22 old (44M), 2 humongous (4M), 10 free (20M)
}
Event: 9.534 {heap After GC invocations=21 (full 0):
 garbage-first heap   total reserved 3090432K, committed 116736K, used 64582K [0x0000000743600000, 0x0000000800000000)
  region size 2M, 0 eden (0M), 3 survivor (6M), 27 old (54M), 2 humongous (4M), 25 free (50M)
}
Event: 10.067 {heap Before GC invocations=21 (full 0):
 garbage-first heap   total reserved 3090432K, committed 116736K, used 95302K [0x0000000743600000, 0x0000000800000000)
  region size 2M, 15 eden (30M), 3 survivor (6M), 27 old (54M), 2 humongous (4M), 10 free (20M)
}
Event: 10.072 {heap After GC invocations=22 (full 0):
 garbage-first heap   total reserved 3090432K, committed 116736K, used 64283K [0x0000000743600000, 0x0000000800000000)
  region size 2M, 0 eden (0M), 1 survivor (2M), 29 old (58M), 2 humongous (4M), 25 free (50M)
}

