# JRE version: OpenJDK Runtime Environment (26.0.1+8) (build 26.0.1+8-34)
# Java VM: OpenJDK 64-Bit Server VM (26.0.1+8-34, mixed mode, sharing, tiered, compressed oops, compressed class ptrs, g1 gc, windows-amd64)
GC Precious Log:
 CardTable entry size: 512
 Card Set container configuration: InlinePtr #cards 4 size 8 Array Of Cards #cards 16 size 48 Howl #buckets 8 coarsen threshold 3686 Howl Bitmap #cards 512 size 80 coarsen threshold 460 Card regions per heap region 1 cards per card region 4096
 CPUs: 4 total, 4 available
 Memory: 12067M
 Large Page Support: Disabled
 NUMA Support: Disabled
 Compressed Oops: Enabled (Zero based)
 Heap Region Size: 2M
 Heap Min Capacity: 8M
 Heap Initial Capacity: 8M
 Heap Max Capacity: 3018M
 Pre-touch: Disabled
 Parallel Workers: 4
 Concurrent Workers: 1
 Concurrent Refinement Workers: 4
 Periodic GC: Disabled
Heap:
 garbage-first heap   total reserved 3090432K, committed 147456K, used 56124K [0x0000000743600000, 0x0000000800000000)
  region size 2M, 17 eden (34M), 1 survivor (2M), 12 old (24M), 0 humongous (0M), 42 free (84M)
GC Heap Usage History (20 events):
Event: 0.961 {heap Before GC invocations=8 (full 0):
 garbage-first heap   total reserved 3090432K, committed 49152K, used 22335K [0x0000000743600000, 0x0000000800000000)
  region size 2M, 8 eden (16M), 1 survivor (2M), 4 old (8M), 0 humongous (0M), 11 free (22M)
}
Event: 0.965 {heap After GC invocations=9 (full 0):
 garbage-first heap   total reserved 3090432K, committed 49152K, used 9154K [0x0000000743600000, 0x0000000800000000)
  region size 2M, 0 eden (0M), 1 survivor (2M), 4 old (8M), 0 humongous (0M), 19 free (38M)
}
Event: 1.654 {heap Before GC invocations=9 (full 0):
 garbage-first heap   total reserved 3090432K, committed 49152K, used 35778K [0x0000000743600000, 0x0000000800000000)
  region size 2M, 13 eden (26M), 1 survivor (2M), 4 old (8M), 0 humongous (0M), 6 free (12M)
}
Event: 1.662 {heap After GC invocations=10 (full 0):
 garbage-first heap   total reserved 3090432K, committed 49152K, used 11008K [0x0000000743600000, 0x0000000800000000)
  region size 2M, 0 eden (0M), 2 survivor (4M), 4 old (8M), 0 humongous (0M), 18 free (36M)
}
Event: 2.328 {heap Before GC invocations=10 (full 0):
 garbage-first heap   total reserved 3090432K, committed 49152K, used 35584K [0x0000000743600000, 0x0000000800000000)
  region size 2M, 12 eden (24M), 2 survivor (4M), 4 old (8M), 0 humongous (0M), 6 free (12M)
}
Event: 2.338 {heap After GC invocations=11 (full 0):
 garbage-first heap   total reserved 3090432K, committed 49152K, used 13049K [0x0000000743600000, 0x0000000800000000)
  region size 2M, 0 eden (0M), 2 survivor (4M), 5 old (10M), 0 humongous (0M), 17 free (34M)
}
Event: 2.548 {heap Before GC invocations=11 (full 0):
 garbage-first heap   total reserved 3090432K, committed 49152K, used 29433K [0x0000000743600000, 0x0000000800000000)
  region size 2M, 9 eden (18M), 2 survivor (4M), 5 old (10M), 0 humongous (0M), 8 free (16M)
}
Event: 2.553 {heap After GC invocations=12 (full 0):
 garbage-first heap   total reserved 3090432K, committed 49152K, used 14297K [0x0000000743600000, 0x0000000800000000)
  region size 2M, 0 eden (0M), 2 survivor (4M), 6 old (12M), 0 humongous (0M), 16 free (32M)
}
Event: 2.918 {heap Before GC invocations=13 (full 0):
 garbage-first heap   total reserved 3090432K, committed 49152K, used 38873K [0x0000000743600000, 0x0000000800000000)
  region size 2M, 12 eden (24M), 2 survivor (4M), 6 old (12M), 0 humongous (0M), 4 free (8M)
}
Event: 2.925 {heap After GC invocations=14 (full 0):
 garbage-first heap   total reserved 3090432K, committed 49152K, used 17160K [0x0000000743600000, 0x0000000800000000)
  region size 2M, 0 eden (0M), 2 survivor (4M), 7 old (14M), 0 humongous (0M), 15 free (30M)
}
Event: 3.297 {heap Before GC invocations=14 (full 0):
 garbage-first heap   total reserved 3090432K, committed 49152K, used 37640K [0x0000000743600000, 0x0000000800000000)
  region size 2M, 11 eden (22M), 2 survivor (4M), 7 old (14M), 0 humongous (0M), 4 free (8M)
}
Event: 3.305 {heap After GC invocations=15 (full 0):
 garbage-first heap   total reserved 3090432K, committed 49152K, used 20617K [0x0000000743600000, 0x0000000800000000)
  region size 2M, 0 eden (0M), 2 survivor (4M), 9 old (18M), 0 humongous (0M), 13 free (26M)
}
Event: 3.869 {heap Before GC invocations=15 (full 0):
 garbage-first heap   total reserved 3090432K, committed 49152K, used 39049K [0x0000000743600000, 0x0000000800000000)
  region size 2M, 9 eden (18M), 2 survivor (4M), 9 old (18M), 0 humongous (0M), 4 free (8M)
}
Event: 3.877 {heap After GC invocations=16 (full 0):
 garbage-first heap   total reserved 3090432K, committed 49152K, used 22090K [0x0000000743600000, 0x0000000800000000)
  region size 2M, 0 eden (0M), 1 survivor (2M), 10 old (20M), 0 humongous (0M), 13 free (26M)
}
Event: 4.609 {heap Before GC invocations=16 (full 0):
 garbage-first heap   total reserved 3090432K, committed 49152K, used 42570K [0x0000000743600000, 0x0000000800000000)
  region size 2M, 10 eden (20M), 1 survivor (2M), 10 old (20M), 0 humongous (0M), 3 free (6M)
}
Event: 4.618 {heap After GC invocations=17 (full 0):
 garbage-first heap   total reserved 3090432K, committed 49152K, used 23995K [0x0000000743600000, 0x0000000800000000)
  region size 2M, 0 eden (0M), 2 survivor (4M), 10 old (20M), 0 humongous (0M), 12 free (24M)
}
Event: 4.852 {heap Before GC invocations=17 (full 0):
 garbage-first heap   total reserved 3090432K, committed 49152K, used 28091K [0x0000000743600000, 0x0000000800000000)
  region size 2M, 3 eden (6M), 2 survivor (4M), 10 old (20M), 0 humongous (0M), 9 free (18M)
}
Event: 4.861 {heap After GC invocations=18 (full 0):
 garbage-first heap   total reserved 3090432K, committed 49152K, used 24516K [0x0000000743600000, 0x0000000800000000)
  region size 2M, 0 eden (0M), 1 survivor (2M), 12 old (24M), 0 humongous (0M), 11 free (22M)
}
Event: 5.509 {heap Before GC invocations=19 (full 0):
 garbage-first heap   total reserved 3090432K, committed 49152K, used 40900K [0x0000000743600000, 0x0000000800000000)
  region size 2M, 8 eden (16M), 1 survivor (2M), 12 old (24M), 0 humongous (0M), 3 free (6M)
}
Event: 5.514 {heap After GC invocations=20 (full 0):
 garbage-first heap   total reserved 3090432K, committed 147456K, used 25404K [0x0000000743600000, 0x0000000800000000)
  region size 2M, 0 eden (0M), 1 survivor (2M), 12 old (24M), 0 humongous (0M), 59 free (118M)
}

