# JRE version: OpenJDK Runtime Environment (26.0.1+8) (build 26.0.1+8-34)
# Java VM: OpenJDK 64-Bit Server VM (26.0.1+8-34, mixed mode, sharing, tiered, compressed oops, compressed class ptrs, g1 gc, windows-amd64)
GC Precious Log:
 CardTable entry size: 512
 Card Set container configuration: InlinePtr #cards 4 size 8 Array Of Cards #cards 16 size 48 Howl #buckets 8 coarsen threshold 3686 Howl Bitmap #cards 512 size 80 coarsen threshold 460 Card regions per heap region 1 cards per card region 4096
 CPUs: 4 total, 4 available
 Memory: 12067M
 Large Page Support: Disabled
 NUMA Support: Disabled
 Compressed Oops: Enabled (Zero based)
 Heap Region Size: 2M
 Heap Min Capacity: 8M
 Heap Initial Capacity: 8M
 Heap Max Capacity: 3018M
 Pre-touch: Disabled
 Parallel Workers: 4
 Concurrent Workers: 1
 Concurrent Refinement Workers: 4
 Periodic GC: Disabled
Heap:
 garbage-first heap   total reserved 3090432K, committed 147456K, used 30150K [0x0000000743600000, 0x0000000800000000)
  region size 2M, 1 eden (2M), 4 survivor (8M), 12 old (24M), 0 humongous (0M), 55 free (110M)
GC Heap Usage History (20 events):
Event: 2.313 {heap Before GC invocations=8 (full 0):
 garbage-first heap   total reserved 3090432K, committed 49152K, used 35086K [0x0000000743600000, 0x0000000800000000)
  region size 2M, 12 eden (24M), 2 survivor (4M), 4 old (8M), 0 humongous (0M), 6 free (12M)
}
Event: 2.321 {heap After GC invocations=9 (full 0):
 garbage-first heap   total reserved 3090432K, committed 49152K, used 12656K [0x0000000743600000, 0x0000000800000000)
  region size 2M, 0 eden (0M), 2 survivor (4M), 5 old (10M), 0 humongous (0M), 17 free (34M)
}
Event: 2.686 {heap Before GC invocations=9 (full 0):
 garbage-first heap   total reserved 3090432K, committed 49152K, used 37232K [0x0000000743600000, 0x0000000800000000)
  region size 2M, 12 eden (24M), 2 survivor (4M), 5 old (10M), 0 humongous (0M), 5 free (10M)
}
Event: 2.691 {heap After GC invocations=10 (full 0):
 garbage-first heap   total reserved 3090432K, committed 49152K, used 14534K [0x0000000743600000, 0x0000000800000000)
  region size 2M, 0 eden (0M), 2 survivor (4M), 6 old (12M), 0 humongous (0M), 16 free (32M)
}
Event: 2.695 {heap Before GC invocations=10 (full 0):
 garbage-first heap   total reserved 3090432K, committed 49152K, used 14534K [0x0000000743600000, 0x0000000800000000)
  region size 2M, 1 eden (2M), 2 survivor (4M), 6 old (12M), 0 humongous (0M), 15 free (30M)
}
Event: 2.699 {heap After GC invocations=11 (full 0):
 garbage-first heap   total reserved 3090432K, committed 49152K, used 14627K [0x0000000743600000, 0x0000000800000000)
  region size 2M, 0 eden (0M), 1 survivor (2M), 7 old (14M), 0 humongous (0M), 16 free (32M)
}
Event: 3.085 {heap Before GC invocations=12 (full 0):
 garbage-first heap   total reserved 3090432K, committed 49152K, used 39203K [0x0000000743600000, 0x0000000800000000)
  region size 2M, 13 eden (26M), 1 survivor (2M), 7 old (14M), 0 humongous (0M), 3 free (6M)
}
Event: 3.092 {heap After GC invocations=13 (full 0):
 garbage-first heap   total reserved 3090432K, committed 49152K, used 17649K [0x0000000743600000, 0x0000000800000000)
  region size 2M, 0 eden (0M), 2 survivor (4M), 7 old (14M), 0 humongous (0M), 15 free (30M)
}
Event: 3.635 {heap Before GC invocations=13 (full 0):
 garbage-first heap   total reserved 3090432K, committed 49152K, used 38129K [0x0000000743600000, 0x0000000800000000)
  region size 2M, 11 eden (22M), 2 survivor (4M), 7 old (14M), 0 humongous (0M), 4 free (8M)
}
Event: 3.648 {heap After GC invocations=14 (full 0):
 garbage-first heap   total reserved 3090432K, committed 49152K, used 20826K [0x0000000743600000, 0x0000000800000000)
  region size 2M, 0 eden (0M), 2 survivor (4M), 9 old (18M), 0 humongous (0M), 13 free (26M)
}
Event: 4.608 {heap Before GC invocations=14 (full 0):
 garbage-first heap   total reserved 3090432K, committed 49152K, used 41306K [0x0000000743600000, 0x0000000800000000)
  region size 2M, 10 eden (20M), 2 survivor (4M), 9 old (18M), 0 humongous (0M), 3 free (6M)
}
Event: 4.614 {heap After GC invocations=15 (full 0):
 garbage-first heap   total reserved 3090432K, committed 49152K, used 22626K [0x0000000743600000, 0x0000000800000000)
  region size 2M, 0 eden (0M), 1 survivor (2M), 11 old (22M), 0 humongous (0M), 12 free (24M)
}
Event: 5.194 {heap Before GC invocations=15 (full 0):
 garbage-first heap   total reserved 3090432K, committed 49152K, used 34914K [0x0000000743600000, 0x0000000800000000)
  region size 2M, 8 eden (16M), 1 survivor (2M), 11 old (22M), 0 humongous (0M), 4 free (8M)
}
Event: 5.200 {heap After GC invocations=16 (full 0):
 garbage-first heap   total reserved 3090432K, committed 49152K, used 24289K [0x0000000743600000, 0x0000000800000000)
  region size 2M, 0 eden (0M), 2 survivor (4M), 11 old (22M), 0 humongous (0M), 11 free (22M)
}
Event: 5.900 {heap Before GC invocations=17 (full 0):
 garbage-first heap   total reserved 3090432K, committed 49152K, used 38625K [0x0000000743600000, 0x0000000800000000)
  region size 2M, 8 eden (16M), 2 survivor (4M), 11 old (22M), 0 humongous (0M), 3 free (6M)
}
Event: 5.911 {heap After GC invocations=18 (full 0):
 garbage-first heap   total reserved 3090432K, committed 147456K, used 25607K [0x0000000743600000, 0x0000000800000000)
  region size 2M, 0 eden (0M), 2 survivor (4M), 11 old (22M), 0 humongous (0M), 59 free (118M)
}
Event: 8.681 {heap Before GC invocations=18 (full 0):
 garbage-first heap   total reserved 3090432K, committed 147456K, used 101383K [0x0000000743600000, 0x0000000800000000)
  region size 2M, 39 eden (78M), 2 survivor (4M), 11 old (22M), 0 humongous (0M), 20 free (40M)
}
Event: 8.695 {heap After GC invocations=19 (full 0):
 garbage-first heap   total reserved 3090432K, committed 147456K, used 29926K [0x0000000743600000, 0x0000000800000000)
  region size 2M, 0 eden (0M), 4 survivor (8M), 11 old (22M), 0 humongous (0M), 57 free (114M)
}
Event: 8.727 {heap Before GC invocations=19 (full 0):
 garbage-first heap   total reserved 3090432K, committed 147456K, used 29926K [0x0000000743600000, 0x0000000800000000)
  region size 2M, 1 eden (2M), 4 survivor (8M), 11 old (22M), 0 humongous (0M), 56 free (112M)
}
Event: 8.737 {heap After GC invocations=20 (full 0):
 garbage-first heap   total reserved 3090432K, committed 147456K, used 30150K [0x0000000743600000, 0x0000000800000000)
  region size 2M, 0 eden (0M), 4 survivor (8M), 12 old (24M), 0 humongous (0M), 56 free (112M)
}

